2 26 28 5 14 33 24 17 23 35 36 44 39 29 8 40 48 16 32 30 41 42 49 20 45 50 10 38 27 21 12 25 43 3 4 46 15 34 31 13 18 6 11 22 1 47 9 19 7 37
36 44 1 2 3 4 5 6 7 8 9 10 11 12 14 13 15 16 18 17 26 19 20 34 21 48 22 24 23 32 25 39 27 40 28 41 29 42 30 35 31 49 38 45 33 47 46 50 37 43
1 6 5 8 10 2 7 4 3 9
1 2 3 8 7 6 4 5
8 6 4 3 7 2 1 5 10 9
32 40 31 11 33 4 35 37 45 24 46 34 30 13 44 17 48 10 14 16 27 42 12 39 3 25 1 23 41 22 29 43 19 5 2 8 21 9 47 15 7 6 38 28 20 26 36 18
29 47 22 46 12 23 13 43 26 1 37 2 40 9 36 4 6 38 27 30 25 31 48 19 28 42 5 16 7 41 45 18 8 34 15 35 32 44 39 20 21 33 11 49 24 3 14 10 50 17
48 45 42 40 37 34 31 28 25 22 19 16 13 10 8 5 2 1 3 4 6 7 9 11 12 15 14 17 18 20 21 23 24 26 27 29 30 32 35 33 36 38 39 41 43 44 46 47 49 49
49 50 41 25 16 24 33 46 3 32 28 27 5 10 23 37 14 18 31 38 29 42 9 44 43 13 7 12 20 1 21 26 6 15 30 39 4 2 17 35 36 34 47 8 11 45 48 40 22 19
50 20 15 33 25 32 6 4 29 37 8 7 1 30 46 47 35 3 48 14 28 45 39 2 38 17 24 31 40 9 34 36 21 11 19 10 49 23 16 12 22 43 13 42 44 18 27 5 41 26
38 10 13 29 44 43 27 21 50 47 37 4 6 48 32 42 22 14 11 34 3 31 9 8 25 15 20 19 41 1 36 16 23 18 24 49 40 26 30 35 12 28 39 5 17 46 33 2 7 45
9 1 4 12 15 21 8 3 2 22 19 13 6 11 5 20 18 17 7 10 14 16
2 1 4 3 5 6 7 8
46 49 50 43 48 44 42 47 41 45 20 18 14 19 12 17 16 15 13 11 30 10 8 9 5 7 2 3 4 6 1 21 27 24 26 29 25 22 23 28 36 32 40 31 37 33 38 39 35 34
3 2 6 1 5 4
10 9 12 13 16 15 14 6 11 19 18 17 20 21 24 23 22 3 2 1 4 5 8 7
11 12 1 41 5 47 6 17 31 25 26 28 19 35 27 33 30 43 44 38 50 49 4 3 9 8 24 23 29 21 22 13 36 34 37 39 40 46 16 18 14 20 2 7 10 48 32 45 42 15
25 1 5 2 3 4 9 13 17 24 6 7 21 8 10 11 27 28 29 30 26 34 49 31 32 38 42 46 33 35 36 12 14 15 37 39 40 16 18 19 41 43 44 20 22 23 45 47 48 50
32 11 16 35 44 7 33 8 46 6 27 18 47 20 28 12 49 3 5 1 48 19 26 42 9 50 45 23 30 2 13 21 43 38 31 14 22 25 10 29 36 41 4 34 37 40 17 39 24 15
49 16 36 22 26 35 34 24 37 3 8 41 10 39 17 13 45 12 25 44 30 47 43 4 46 48 20 1 28 15 32 18 7 31 27 19 2 40 11 50 42 9 33 23 14 38 29 5 6 21
9 1 11 17 10 3 4 5 18 13 7 16 2 19 20 12 15 14 6 8
2 1 24 33 8 7 37 6 11 14 18 19 27 31 32 35 43 44 23 40 38 41 13 34 3 45 17 22 47 4 9 20 5 29 28 48 21 10 25 39 26 12 16 15 30 36 46 42
38 7 27 17 43 18 49 13 46 20 30 47 34 48 44 6 41 5 23 16 1 39 25 4 24 40 12 33 3 14 15 22 19 21 28 35 8 37 29 9 31 50 42 45 32 2 36 11 10 26
36 5 1 41 2 26 22 39 13 11 8 29 12 10 37 24 40 49 17 44 38 45 18 27 33 32 23 9 47 34 28 35 30 48 16 31 50 43 7 19 21 20 6 15 4 3 42 14 46 25
16 30 10 23 35 24 7 27 13 41 12 8 22 43 14 42 49 15 18 36 2 44 11 28 45 25 50 4 31 5 48 47 21 19 33 20 29 37 32 26 9 38 1 40 6 3 17 39 46 34
3 28 5 37 19 4 15 50 27 14 41 30 33 36 20 7 32 49 2 38 44 10 13 16 11 26 42 17 48 40 21 46 1 8 24 18 9 22 47 45 25 35 12 6 43 39 34 23 29 31
27 8 25 1 4 5 16 2 11 7 9 31 35 10 6 33 12 26 19 17 14 20 37 15 18 21 23 28 39 24 36 13 32 3 29 22 30 34 38 40
40 3 5 10 29 31 1 21 18 22 8 37 34 26 49 6 4 9 25 30 36 28 50 24 13 48 33 12 46 47 16 11 19 7 35 38 44 42 41 20 45 15 39 27 23 14 17 2 32 43
45 10 25 23 38 8 2 13 40 47 3 20 37 24 32 15 16 14 44 5 11 30 41 9 7 49 35 34 26 12 22 48 17 43 33 4 19 50 1 36 31 6 21 29 39 18 46 27 28 42
43 40 21 13 5 28 46 48 29 12 2 36 25 44 45 50 14 6 22 34 38 4 37 47 20 18 8 35 31 7 17 23 49 41 42 9 1 15 24 3 27 30 26 32 16 10 19 11 33 39
42 40 22 1 3 41 20 38 28 23 49 29 32 30 8 25 39 47 6 44 14 27 21 7 2 48 50 33 9 15 46 10 34 37 17 45 4 36 12 35 5 13 18 16 26 11 19 31 24 43
17 2 36 6 9 12 29 11 4 3 42 7 25 21 19 24 28 33 35 26 49 43 22 16 5 46 50 45 37 40 47 38 8 1 30 14 15 10 13 31 23 18 20 34 32 27 39 41 44 48
4 3 2 1 8 7 6 5 9 13 17 21 25 29 33 37 41 45 44 43 42 46 47 34 35 36 10 11 12 14 15 16 18 19 20 22 23 24 26 27 28 30 31 32 38 39 40 48
13 12 14 26 1 2 3 27 4 5 6 28 7 8 9 29 10 11 15 30 16 17 18 31 19 20 21 32 22 23 24 33 25 34 35 36 36 36 36 36 36 36 36 36 36 36 36 36 36 36
7 47 8 36 22 20 15 31 5 45 6 32 2 25 30 42 44 10 18 24 46 35 4 26 13 14 41 39 9 19 27 12 1 34 28 17 48 37 49 21 23 29 50 11 40 43 38 3 33 16
25 8 17 49 36 2 4 48 38 16 12 27 10 14 22 43 24 31 23 21 32 20 39 35 45 1 33 13 5 40 18 28 19 34 46 3 41 44 26 7 50 11 30 9 29 42 15 47 37 6
40 45 37 18 35 41 6 20 24 15 4 28 13 2 46 22 25 30 1 3 23 39 7 21 47 48 14 19 12 16 50 8 42 33 17 5 26 11 44 31 38 34 32 43 36 9 27 10 49 29
35 9 40 4 29 34 39 19 13 3 8 10 21 36 14 28 46 37 44 43 5 41 31 42 18 15 11 26 45 16 2 6 49 48 27 12 30 24 17 1 20 33 47 22 23 7 38 32 25 50
11 27 48 18 32 12 39 17 36 47 9 38 5 7 20 30 25 45 19 4 16 46 2 26 22 15 41 31 1 37 21 34 33 24 28 8 3 29 42 50 13 40 35 43 49 23 14 10 6 44
19 14 9 11 16 20 5 3 10 17 12 1 8 2 15 4 6 7 13 18
2 1 50 49 48 3 4 5 26 25 24 23 27 28 29 6 7 8 30 31 32 9 10 11 33 34 35 12 13 14 36 37 38 15 16 17 39 40 41 18 19 20 42 43 44 21 22 45 46 47
44 31 30 15 14 39 43 38 23 22 6 35 34 16 17 18 42 41 47 4 3 2 48 49 50 19 12 11 28 27 26 25 24 36 37 29 13 9 8 46 45 40 5 7 1 32 33 21 20 10
45 7 4 16 27 1 6 5 26 13 2 8 30 22 10 12 33 3 9 25 28 17 14 11 31 15 19 18 29 20 23 32 34 39 21 35 36 37 24 38 40 41 41 41 41 41 41 41 41 41
17 40 32 4 2 27 35 12 44 23 7 10 50 8 3 14 24 48 30 21 45 11 6 46 39 15 9 38 33 41 49 26 19 1 34 22 37 36 42 29 28 43 31 25 5 13 18 16 47 20
3 1 2 26 27 28 4 5 6 30 29 31 7 8 9 32 33 34 10 11 12 36 35 37 13 14 15 38 39 40 16 17 18 42 41 43 19 20 21 44 45 46 22 23 24 48 47 49 25 50
43 40 21 13 5 28 46 48 29 12 2 36 25 44 45 50 14 6 22 34 38 4 37 47 20 18 8 35 31 7 17 23 49 41 42 9 1 15 24 3 27 30 26 32 16 10 19 11 33 39
32 16 17 30 44 21 31 1 7 11 18 26 19 28 48 46 49 13 5 37 22 3 50 40 39 6 2 47 45 29 36 4 8 23 9 27 20 10 42 14 43 24 12 15 25 35 41 38 33 34
3 37 46 7 32 17 48 12 41 6 18 28 14 27 43 5 30 33 40 31 8 38 2 42 11 34 20 21 39 22 4 44 1 19 9 45 16 36 49 35 15 26 25 23 50 29 13 10 24 47
15 14 1 26 2 3 4 27 39 28 5 30 6 7 8 29 9 34 10 11 12 31 13 38 16 17 42 18 19 20 32 21 46 22 23 24 33 25 50 35 36 36 36 36 36 36 36 36 36 36
40 34 36 33 31 32 38 37 39 35 48 46 42 47 49 45 50 43 41 44 17 14 20 18 11 15 19 16 12 13 30 8 10 3 7 6 5 2 1 9 4 21 29 26 24 28 27 23 22 25
31 2 24 38 34 19 42 8 15 17 13 36 5 16 3 48 32 1 4 12 40 33 30 26 49 41 23 21 46 7 18 45 28 11 43 20 22 25 50 9 6 44 14 37 10 35 29 47 39 27
16 17 35 47 27 37 18 9 3 19 6 32 4 14 34 50 1 29 15 36 30 22 12 33 21 44 10 31 38 43 40 46 49 8 48 45 7 24 23 39 2 13 5 20 25 28 26 41 11 42
9 7 16 3 4 2 12 5 10 11 1 13 6 15 14 8
32 11 5 22 7 33 15 48 26 50 44 4 24 18 29 41 34 1 13 47 45 14 3 43 37 9 12 20 6 36 38 10 21 8 35 46 2 17 16 49 25 27 23 30 40 42 19 28 31 39
7 48 3 8 40 36 41 4 22 25 31 50 1 12 42 33 20 49 13 29 32 45 28 44 24 37 26 23 5 2 34 39 27 14 46 16 6 9 18 43 21 11 38 30 10 47 35 17 15 19
28 4 13 30 9 6 10 19 8 17 34 33 31 1 14 44 40 5 11 26 7 47 24 25 32 50 3 12 36 37 2 18 23 21 35 43 27 39 46 42 45 38 48 41 16 15 22 49 20 29
32 9 38 18 47 42 41 14 19 1 24 35 33 37 36 4 2 43 13 27 44 3 8 45 48 21 34 17 20 22 10 30 23 31 49 6 50 7 28 25 11 16 26 15 5 12 46 39 40 29
24 23 40 1 17 18 34 32 22 3 15 13 28 35 29 2 9 5 27 21 38 4 10 19 33 26 36 20 12 7 25 30 39 11 8 16 37 31 6 14
1 12 21 47 45 31 13 16 14 7 49 25 19 39 6 17 36 2 11 44 3 46 41 8 28 38 18 35 37 34 10 22 40 9 42 23 4 30 50 33 24 48 15 29 43 32 26 27 5 20
45 22 48 7 28 21 15 20 29 44 1 25 32 30 2 41 35 5 33 49 34 6 47 40 17 10 19 27 36 26 4 38 8 11 24 43 37 39 23 31 12 9 3 46 42 16 14 50 18 13
39 12 13 14 15 16 17 18 19 20 21 22 23 24 25 26 27 28 29 30 31 38 4 3 2 1 50 33 42 9 10 11 40 45 6 7 8 43 47 5 46 37 41 48 34 44 49 35 32 36
4 14 18 50 36 48 40 33 24 17 23 5 45 20 32 9 21 16 13 46 37 31 7 35 19 30 38 26 6 34 8 22 39 41 29 1 28 49 15 43 44 11 2 10 27 42 12 25 3 47
26 6 28 1 42 44 18 7 16 47 45 9 5 27 21 19 36 39 31 20 10 11 38 22 15 41 8 49 23 37 40 13 46 12 50 4 17 24 30 14 34 33 29 3 35 32 48 2 25 43
11 10 5 8 4 3 12 1 7 9 2 6
6 2 30 1 32 47 18 29 8 3 35 40 44 21 17 15 7 19 34 50 33 9 36 28 16 43 14 25 11 5 24 46 4 20 38 13 39 22 48 49 45 12 41 42 31 26 27 37 23 23
25 34 36 28 23 33 44 17 21 38 12 30 32 13 15 5 50 31 37 18 22 46 39 27 3 20 1 19 35 29 24 2 4 9 10 43 6 48 45 14 26 7 40 16 41 8 11 47 42 49
21 11 22 43 50 17 5 26 4 35 15 48 44 19 1 23 36 30 16 38 40 9 39 8 20 46 25 2 37 32 27 45 42 13 49 34 3 10 7 28 14 29 12 24 47 18 41 31 33 6
6 14 23 45 39 50 25 18 20 41 13 17 42 19 9 34 30 5 7 11 27 31 47 3 4 1 44 37 28 10 26 46 21 8 33 36 38 15 48 40 43 24 16 49 22 12 35 2 29 32
23 3 4 11 6 10 1 19 20 17 7 2 12 9 21 24 18 14 16 8 13 15 5 22
7 19 31 6 43 13 45 5 1 46 3 12 14 29 35 4 40 18 15 10 32 47 20 37 22 21 33 41 39 2 48 42 16 38 17 8 36 44 9 24 11 34 26 30 27 28 25 23
47 46 45 48 43 44 41 1 2 3 4 5 8 7 13 19 10 16 22 21 24 6 9 12 11 14 15 18 17 20 23 26 25 30 27 28 29 32 31 36 33 34 35 38 37 42 39 40
50 9 20 21 22 7 8 10 41 13 24 25 49 31 48 16 30 32 47 18 46 33 29 14 1 36 4 12 3 39 19 17 26 23 34 42 44 28 37 45 40 35 6 2 38 5 27 11 15 43
40 13 1 8 26 28 11 2 4 31 18 37 5 9 39 45 30 16 6 24 14 36 47 3 7 10 29 23 43 32 15 27 46 50 20 12 22 33 21 44 25 17 19 49 42 38 34 48 41 35
1 2 3 4 5 6 7 8 9 10 11 12 13 14 15 16 17 18 19 20 21 22 23 24 25 26 27 28 29 30 31 32 33 34 35 36 37 38 39 40 41 42 43 44 45 46 47 48 49 50
12 24 22 2 18 26 8 13 10 17 6 9 15 16 23 19 1 3 14 7 11 25 20 5 4 21
21 12 6 38 36 33 7 24 1 50 27 43 17 5 14 37 34 29 18 4 20 49 41 46 22 9 3 28 40 48 15 25 13 45 30 32 23 19 8 44 42 26 2 11 10 39 47 35 16 31
38 31 32 1 2 3 26 21 22 23 27 24 25 28 29 30 4 5 6 33 34 35 7 8 9 36 37 39 10 11 12 40 13 14 15 41 42 43 16 17 18 44 45 46 19 20 47 48 49 49
8 50 19 1 28 41 35 24 36 22 15 16 42 23 6 31 37 18 2 3 12 17 32 38 47 25 4 27 13 46 40 43 9 45 33 5 14 39 49 48 21 11 26 29 44 34 7 30 10 20
2 1 4 47 29 3 32 12 30 23 16 24 11 21 48 20 13 34 14 7 41 8 40 36 27 35 44 37 5 10 25 15 33 50 9 42 19 26 38 49 28 39 43 18 6 22 31 17 45 46
31 3 7 16 44 26 6 18 9 1 13 38 20 23 15 28 5 37 10 36 11 19 43 50 49 48 8 32 40 27 41 24 12 34 29 33 17 25 22 4 42 35 2 46 45 14 47 30 21 39
50 4 35 6 8 42 12 26 13 33 44 40 25 39 11 23 49 28 3 1 17 10 41 5 20 48 18 45 2 14 30 21 38 15 31 34 36 47 16 27 7 9 32 29 37 46 22 19 24 43
18 48 31 44 45 37 43 46 33 35 21 1 26 22 28 39 29 10 25 50 27 3 12 40 30 6 16 34 38 49 11 47 4 19 5 2 36 17 23 8 15 13 7 14 32 20 9 41 42 24
8 5 25 12 15 42 27 31 9 20 38 23 18 30 2 19 11 44 7 28 26 50 13 29 4 48 14 43 40 22 45 24 6 17 33 47 10 34 16 39 41 21 36 49 35 1 32 37 3 46
8 17 37 49 1 41 5 27 20 30 31 39 38 32 9 36 6 2 22 13 3 23 47 35 12 48 24 26 29 40 46 34 11 21 14 25 10 16 19 28 44 7 45 33 42 50 4 15 43 18
38 37 10 11 34 21 17 15 31 9 23 45 41 1 12 3 46 14 36 8 13 48 27 24 35 22 30 16 44 29 32 25 42 47 43 19 33 5 49 4 50 7 40 39 2 26 18 28 20 6
2 4 1 5 3 6
28 15 12 17 24 30 5 20 8 3 18 14 22 9 16 27 11 21 10 26 4 19 1 25 6 13 23 7 2 29
38 44 5 26 11 12 34 33 6 19 47 48 15 17 25 39 36 29 50 30 46 9 7 40 13 37 18 35 27 4 41 45 10 20 3 23 31 32 49 14 1 21 43 24 22 42 16 2 8 28
1 2 3 4 5 6 7 8 9 10 11 12 13 14 15 16 17 18 19 20 21 22 23 24 25 26 27 28 29 30 31 32 33 34 35 36 37 38 39 40 41 42 43 44 45 46 47 48 49 50
30 29 28 24 25 26 27 3 2 1 48 4 5 6 47 7 8 12 13 14 9 10 11 19 18 17 16 20 21 22 15 23 31 38 37 36 32 33 34 35 43 42 41 40 44 45 46 39
34 1 2 3 4 5 6 7 8 9 10 11 12 13 14 15 16 17 18 19 20 21 22 23 24 25 26 27 28 29 30 31 32 33
3 5 2 8 1 11 9 6 12 10 7 4
1 2 3 5 6 7 9 10 11 13 14 15 17 18 19 21 22 23 25 26 27 29 30 31 33 34 35 37 38 39 41 42 43 45 46 47 4 8 12 16 20 24 28 32 36 40 44 48
49 48 47 46 45 44 43 42 41 40 39 38 37 36 35 34 33 32 31 30 29 28 27 26 25 24 23 22 21 20 19 18 17 16 15 14 13 12 11 10 9 8 7 6 5 4 3 2 1 50
15 41 32 17 39 26 47 12 43 31 35 28 3 20 49 23 6 48 25 7 13 33 42 11 1 18 40 38 9 4 34 8 24 30 10 37 5 29 21 22 50 36 46 2 16 27 14 19 45 44
11 18 6 12 1 14 17 3 4 9 2 10 7 5 8 13 20 19 15 16
19 10 6 9 7 24 37 1 4 29 8 30 2 20 3 15 17 32 22 13 25 21 12 35 11 5 28 39 43 46 14 23 16 27 47 31 42 18 44 34 45 50 33 40 38 41 26 36 48 49
26 50 17 2 5 28 6 1 3 8 32 9 13 24 22 37 25 16 10 12 19 49 29 4 38 41 31 42 14 36 39 48 46 44 34 30 45 47 33 43 35 18 11 15 27 20 7 21 23 40
5 46 18 27 50 40 24 37 23 3 2 13 7 10 14 26 16 15 22 8 9 36 30 39 20 11 4 33 41 29 42 12 17 47 19 1 45 21 43 48 25 49 35 44 38 6 32 31 34 28
5 3 44 4 22 9 11 6 19 27 34 36 16 12 10 25 15 24 47 31 23 21 2 46 39 8 42 7 45 38 50 29 1 28 48 13 49 33 30 32 40 20 14 17 35 26 41 43 18 37
1 6 2 5 3 4
23 34 11 15 20 24 42 46 43 25 19 1 39 12 27 28 35 22 16 38 14 31 17 3 32 8 10 9 26 33 13 2 41 21 30 40 7 37 44 4 45 36 29 6 5 18
18 9 13 14 16 26 42 20 32 4 31 25 29 38 10 11 40 2 28 17 24 19 41 1 22 7 27 30 5 6 36 33 8 23 34 21 39 3 35 12 15 37
13 14 38 37 15 16 33 19 46 44 6 5 12 11 3 4 48 45 7 8 50 2 1 39 40 28 24 49 25 26 20 32 31 47 18 10 9 35 36 17 41 42 23 29 30 22 21 34 43 27
6 36 14 50 29 42 44 7 10 49 46 48 13 3 32 8 20 4 37 21 41 2 22 40 27 18 34 31 43 30 19 28 25 47 23 33 38 16 1 5 35 17 24 26 9 15 45 39 12 11
10 9 8 7 6 11 19 14 22 27 35 30 38 43 42 41 40 39 1 2 3 4 5 12 13 15 16 17 18 20 21 23 24 25 26 28 29 31 32 33 34 36 37 44 45 46 47 48 49 50
4 3 2 1 40 32 20 22 19 23 44 46 11 35 26 50 17 12 10 16 34 8 36 37 42 27 49 31 15 9 14 25 38 30 13 45 21 48 28 29 39 41 43 47 18 7 6 5 24 33
1 2 50 30 9 45 3 4 6 20 42 22 21 17 7 14 47 13 46 23 25 34 15 36 38 24 5 19 40 26 27 31 35 37 32 11 10 12 44 48 41 39 29 18 8 16 33 43 28 49
29 19 38 16 24 22 47 10 3 1 17 44 23 11 13 6 5 15 41 34 18 26 30 12 45 31 33 7 32 48 8 40 50 42 2 9 4 37 25 39 43 14 20 27 49 46 28 36 21 35
5 4 6 1 2 3
12 47 33 22 37 14 29 27 36 2 10 30 7 21 11 32 6 50 44 46 15 42 20 43 3 35 1 23 31 48 28 34 45 8 9 13 5 18 41 4 16 19 26 38 25 49 24 17 40 39
26 1 2 3 27 4 5 6 28 7 8 9 29 10 11 12 30 13 14 15 31 16 17 18 32 19 20 21 33 22 23 24 34 25 35 36 37 37 37 37 37 37 37 37 37 37 37 37 37 37
38 9 11 43 28 39 50 49 10 22 32 48 7 16 34 45 44 19 8 14 5 21 41 26 35 29 12 23 20 47 40 13 1 6 31 33 18 30 15 36 24 2 27 42 25 46 3 4 37 17
19 49 33 43 21 3 34 42 28 22 23 9 31 24 14 15 27 2 18 13 38 1 12 39 36 48 26 4 40 7 30 45 37 47 5 35 44 10 25 16 46 32 11 50 29 8 20 41 17 6
32 6 37 15 21 20 34 28 33 13 3 44 10 40 49 38 12 31 14 22 50 5 16 27 41 26 42 48 24 17 29 7 25 11 8 4 47 43 45 9 19 1 46 36 35 30 39 2 18 23
39 41 50 1 43 25 14 49 40 8 18 28 29 19 16 33 48 32 38 2 3 44 26 10 20 5 27 42 34 21 9 23 15 22 13 30 36 17 6 35 31 24 37 46 7 45 4 47 11 12
44 6 18 9 30 50 33 26 15 32 8 1 34 5 39 20 43 23 2 7 40 27 36 11 19 35 22 49 29 24 47 41 12 37 13 21 45 14 17 48 10 16 38 28 4 46 3 31 42 25
9 3 8 1 2 4 10 5 12 6 7 11
10 4 6 11 1 2 33 12 14 18 3 5 43 16 17 37 7 8 49 21 22 15 9 13 23 24 28 48 19 20 38 29 30 25 26 27 36 31 34 40 32 41 35 39 44 42 46 47 45 50
9 33 19 46 17 14 4 8 38 2 50 5 1 42 24 39 32 47 27 25 26 37 13 49 6 45 43 35 48 28 16 31 22 11 36 40 41 30 3 44 21 15 18 23 12 34 29 10 20 7
11 1 3 26 30 35 9 4 12 42 28 27 5 13 6 36 46 32 21 18 20 31 29 38 8 2 10 37 43 47 17 25 15 34 48 45 22 16 14 49 44 50 7 19 24 39 41 33 23 40
18 41 33 24 16 43 6 8 12 9 2 47 17 1 19 22 15 14 26 21 45 31 10 28 27 34 25 7 20 4 5 35 30 13 3 46 11 39 37 40 38 48 44 42 23 36 32 29 49 50
8 45 41 18 36 24 49 14 38 44 48 43 22 39 17 6 31 50 32 27 23 26 46 20 33 25 10 11 7 40 28 1 13 21 5 4 30 29 12 9 16 35 37 3 34 42 19 2 15 47
41 45 48 20 8 22 31 9 14 3 26 44 1 30 38 15 36 6 18 13 50 49 7 19 42 28 35 5 12 10 46 16 43 40 23 2 39 21 25 32 29 47 17 37 24 34 27 33 4 11
28 16 31 32 37 27 33 20 29 18 34 49 24 43 47 15 4 42 46 3 23 10 7 8 40 14 25 48 1 13 30 39 45 36 38 5 26 41 35 44 22 6 21 19 12 2 11 17 9 50
11 30 20 27 34 16 15 39 41 40 43 18 42 12 26 13 21 3 22 48 38 6 44 1 2 28 7 23 17 33 19 50 47 5 49 31 45 24 14 9 46 8 10 35 37 4 36 25 32 29
4 43 41 8 23 19 45 5 6 11 27 24 14 42 7 3 44 15 10 16 13 36 38 50 18 39 26 37 28 32 9 33 20 2 17 35 25 30 48 49 21 47 22 34 29 46 12 1 40 31
13 1 14 7 8 3 5 9 11 10 6 12 2 4
9 14 1 13 11 20 18 2 4 7 15 19 3 12 16 8 17 6 5 10
11 10 9 3 1 5 7 12 4 6 14 16 15 2 13 8
26 4 2 3 5 6 7 8 10 9 11 13 12 15 14 16 17 18 19 20 21 22 23 24 29 28 27 25 31 34 30 33 32 35 36 37 38 39 40 1
28 16 8 49 36 43 19 11 42 1 10 5 34 15 17 29 2 30 46 14 35 12 4 32 23 41 22 27 50 7 21 6 48 25 3 24 38 31 9 45 37 40 20 47 44 13 33 26 18 39
6 1 8 25 32 29 15 46 17 26 10 42 39 14 41 3 12 2 48 35 33 5 18 50 21 22 7 16 19 44 40 30 11 4 49 45 23 20 47 37 34 38 24 43 36 31 13 9 28 27
1 2 3 4 5 6 7 8 9 10 11 14 19 22 27 30 35 38 43 46 45 44 31 32 33 34 12 13 15 16 17 18 37 36 39 40 41 42 20 21 48 47 26 25 24 23 29 28
43 4 10 16 3 42 29 14 15 31 25 7 30 39 1 41 21 28 19 36 18 38 20 27 34 6 32 17 12 2 44 8 37 13 11 26 22 40 24 23 5 35 33 9
1 2 3 4 5 6 7 8 9 10 11 12 13 14 15 16 17 18 19 20 21 22 23 24 25 26 27 28 29 30 31 32 33 34 35 36 37 38 39 40 41 42 43 44 45 46 47 48 49 50
8 33 1 29 28 27 26 22 23 24 25 3 2 4 5 6 7 37 9 10 11 12 13 14 15 16 17 18 19 21 20 30 50 45 43 42 46 44 39 38 34 35 36 40 41 31 32 47 48 49
13 4 21 22 44 6 45 7 36 40 42 25 3 18 24 31 43 47 14 37 46 2 8 17 50 28 12 34 26 5 48 38 27 39 49 23 11 19 29 9 41 20 10 33 35 1 32 30 16 15
10 18 41 38 28 40 30 23 29 8 11 12 13 4 44 21 45 3 22 33 15 35 17 26 6 7 32 20 14 43 5 2 34 9 19 42 25 37 39 47 46 48 16 1 24 36 31 27
6 49 5 45 10 17 44 18 34 9 29 39 11 25 41 40 33 43 37 27 1 19 23 13 3 31 14 28 7 8 46 26 30 21 32 4 47 50 16 12 38 22 20 36 48 42 15 35 24 2
22 15 46 20 16 6 40 1 42 23 24 41 4 19 33 14 36 9 45 43 39 35 38 26 29 48 5 50 30 13 2 8 28 34 25 27 7 3 21 17 44 49 18 37 47 31 32 11 12 10
41 19 7 1 2 14 3 8 25 10 15 5 6 28 16 20 23 4 17 34 21 13 24 31 22 9 26 29 32 42 36 40 33 27 39 11 37 35 18 45 43 44 12 49 46 47 38 48 30 50
4 15 23 19 6 24 36 20 9 10 26 37 28 38 25 22 11 8 41 12 16 32 50 21 17 30 7 33 47 18 3 27 39 42 14 44 5 35 29 46 2 31 40 45 49 34 48 43 1 13
14 30 32 43 49 29 48 44 25 36 46 8 41 13 47 21 20 27 19 37 38 24 39 10 1 3 7 33 15 26 22 18 4 12 11 23 50 6 34 5 35 45 16 40 2 31 17 28 42 9
5 3 1 2 4 6
1 2 3 4 5 6 7 8 9 10 11 12 13 14 15 16 17 18 19 20 21 22 23 24 25 26 27 28 29 30 31 32 33 34 35 36 37 38 39 40 41 42 43 44 45 46 47 48 49 50
11 9 34 22 12 37 28 18 30 46 26 14 3 33 41 38 27 15 47 24 4 16 31 5 19 1 6 39 23 10 7 42 32 17 20 48 50 40 29 2 36 43 21 8 25 49 35 45 13 13
5 3 2 10 12 11 6 8 4 7 1 9
15 16 17 18 22 21 24 20 19 13 12 4 5 10 11 14 8 7 6 9 23 3 2 1
26 36 15 14 24 38 3 33 31 16 22 9 13 46 39 40 5 12 50 35 37 43 8 27 10 2 29 42 47 18 7 28 44 11 30 19 41 45 1 32 48 4 21 23 6 20 34 17 49 25
1 42 3 11 6 36 48 38 20 4 23 27 32 34 30 41 13 15 19 10 49 25 21 26 39 7 50 29 35 28 22 2 31 8 24 33 47 5 17 46 16 12 40 43 9 37 14 45 18 44
19 10 38 5 35 4 49 11 3 15 17 44 21 14 40 26 9 48 28 25 13 18 45 37 47 36 32 41 27 31 33 1 6 20 8 50 23 39 2 22 29 12 34 42 46 43 30 7 16 24
45 19 41 29 16 39 3 6 21 26 27 2 31 20 17 30 15 11 40 4 22 1 48 47 49 25 34 8 28 5 37 12 10 7 23 35 43 9 46 32 24 33 36 50 18 42 14 38 44 13
3 2 1 5 4 8 7 6 11 14 19 22 27 30 35 38 43 46 45 41 40 36 37 33 32 28 29 25 24 20 21 17 16 12 13 9 10 15 18 23 26 31 34 39 42 44 48 47
2 16 28 43 47 39 4 29 42 44 40 25 26 30 35 15 7 23 34 48 11 17 21 22 31 6 1 12 18 46 9 13 24 38 41 45 5 20 27 36 8 10 19 32 37 14 3 33 49 50
1 15 23 50 5 17 40 24 42 19 8 41 48 32 3 47 36 45 10 25 20 29 21 12 6 35 31 4 14 37 34 46 13 2 39 9 43 49 11 33 22 18 28 38 27 7 16 44 26 30
23 10 5 25 2 15 6 12 21 22 18 20 14 13 17 4 1 7 24 26 9 19 11 8 3 16
1 4 6 3 5 7 2 8
27 10 22 45 3 13 36 33 30 14 44 7 23 1 2 15 38 11 28 16 25 4 18 12 8 21 34 9 39 50 42 41 35 5 46 6 24 37 40 49 29 20 26 32 31 19 17 47 48 43
6 13 3 2 1 11 9 14 5 12 8 7 10 4
8 2 1 3 23 50 40 10 32 38 29 17 20 36 13 39 46 4 35 5 33 21 11 6 26 45 30 28 24 18 16 7 12 27 9 19 22 47 49 44 48 42 43 37 31 34 41 15 14 25
1 2 3 6 5 7 8 4
9 8 7 10 11 12 16 17 18 15 14 13 4 5 6 3 2 1 45 44 43 46 47 48 19 20 21 24 23 22 28 29 30 27 26 25 31 32 33 36 35 34 40 41 42 39 38 37
9 28 7 18 12 5 30 23 43 15 6 41 32 19 10 26 3 33 11 50 22 21 24 37 42 25 16 44 34 1 27 20 29 13 47 48 45 49 2 14 8 31 4 36 35 17 39 46 40 38
12 14 1 19 13 8 6 26 15 24 23 3 4 17 9 16 11 10 20 18 21 7 25 22 5 2
12 1 3 5 2 4 6 8 7 9 11 13 10 15 14 16
18 17 21 20 24 23 22 6 11 19 14 27 35 30 38 43 42 41 45 44 48 1 5 4 8 7 2 3 46 47 9 13 12 16 15 10 25 29 28 32 31 26 33 37 36 40 39 34
11 5 17 2 18 20 1 3 15 6 8 16 7 9 13 12 10 14 19 4
9 27 30 14 13 1 40 22 6 29 34 44 35 45 41 48 47 10 39 11 25 7 2 19 15 26 37 28 3 33 42 38 16 31 8 23 21 4 24 32 20 36 17 12 18 5 43 46
1 27 26 28 2 29 30 31 3 32 33 34 4 35 36 37 5 38 39 40 6 41 42 43 7 44 45 46 8 47 48 49 9 50 10 11 12 12 12 12 12 12 12 12 12 12 12 12 12 12
23 11 27 38 50 47 19 17 33 37 22 16 14 35 15 34 39 10 18 13 2 29 41 7 28 12 21 1 8 44 32 31 30 45 40 43 3 24 6 48 25 9 49 36 5 4 46 20 26 42
41 43 46 48 50 49 1 3 6 8 7 5 12 20 13 21 28 36 29 37 44 42 45 47 38 40 39 10 9 11 14 16 15 33 35 26 25 27 30 32 31 4 2 18 17 19 22 24 23 34
47 33 25 3 28 7 22 26 18 15 17 34 8 10 20 45 19 29 9 44 38 40 12 14 37 16 42 5 46 39 11 6 50 41 13 32 4 2 35 36 30 21 1 43 27 23 48 31 49 24
28 19 30 49 26 29 38 42 11 27 34 37 24 18 12 41 45 3 25 14 6 22 5 36 1 10 7 44 31 43 40 23 47 21 20 32 15 9 16 33 4 50 39 13 48 2 8 46 35 17
33 4 2 8 26 1 7 12 30 6 3 9 32 27 23 5 13 28 20 11 10 37 24 16 29 17 31 36 44 22 14 18 42 38 40 15 46 35 19 45 34 25 39 49 48 21 41 43 50 50
5 9 1 3 6 8 7 2 4 10
49 1 3 50 2 8 17 10 41 6 38 43 36 16 22 35 47 27 32 15 28 18 45 21 31 26 9 4 37 39 12 7 24 33 44 20 42 23 46 34 11 29 14 40 25 48 19 5 30 13
22 23 21 20 1 2 3 4 5 6 7 8 9 10 11 12 13 14 15 16 17 18 19 24
6 11 4 45 42 5 13 25 18 26 15 17 46 12 21 44 9 16 20 28 10 8 38 35 37 40 19 29 2 3 32 36 23 30 31 14 34 34 34 34 34 34 34 34 34 34 34 34 34 34
37 43 2 6 20 29 4 22 18 17 32 47 15 35 48 41 31 36 1 16 40 7 46 21 19 11 34 49 44 45 14 23 42 10 5 26 24 13 12 9 38 39 27 30 33 3 28 25 8 50
39 35 12 6 9 19 28 24 37 30 44 40 25 8 5 7 43 11 14 26 3 4 13 38 31 34 42 16 17 32 18 45 20 36 23 10 22 1 27 21 29 2 33 46 47 48 15 41
15 16 22 2 10 3 20 14 18 11 4 21 12 8 7 5 17 9 6 19 1 13
41 47 17 6 32 9 10 13 45 48 12 40 8 5 31 29 22 28 25 24 18 34 44 11 16 14 15 38 26 27 39 43 4 42 30 20 3 2 50 33 19 46 21 37 49 35 7 36 1 23
4 5 6 7 8 9 10 11 12 13 20 21 22 23 26 27 30 24 29 28 1 2 3 15 14 18 19 16 17 25
48 13 22 6 36 3 30 32 23 9 11 38 8 10 21 35 27 18 40 29 39 41 46 34 14 7 31 28 49 17 25 50 37 12 24 1 19 44 42 2 45 20 47 33 43 4 5 15 16 26
4 14 8 2 12 1 6 13 3 10 5 11 9 16 7 15 17 28 18 24 25 30 20 22 29 19 26 21 27 31 23 32 33 44 34 40 41 46 36 38 45 35 42 37 43 47 39 48 49 50
38 4 28 44 21 22 23 5 39 13 20 10 24 14 34 27 29 42 47 33 25 41 1 19 11 50 8 18 17 26 30 36 49 31 2 32 43 16 12 9 40 46 6 15 37 35 45 7 3 48
38 36 31 14 46 3 16 26 12 8 37 45 24 23 25 42 4 1 6 28 29 15 32 13 33 22 17 44 40 47 27 7 18 39 30 19 21 49 35 20 11 2 48 34 43 41 9 50 5 10
15 14 8 9 10 11 12 7 6 5 29 25 26 27 28 19 20 21 22 23 24 32 33 34 30 31 13 40 39 38 4 3 2 1 16 17 18 37 36 35
28 10 46 15 44 16 4 41 34 37 21 42 27 30 35 50 24 20 7 45 32 3 40 13 2 19 39 22 1 29 11 38 23 17 14 25 33 31 12 47 43 8 5 49 48 9 6 26 18 36
22 44 1 40 46 11 33 12 36 35 43 45 31 7 13 23 34 39 20 14 8 28 27 15 6 18 48 30 41 5 24 37 50 21 19 3 26 42 32 29 2 17 25 47 9 10 38 4 49 16
31 15 37 1 3 30 16 14 12 35 9 42 38 13 43 21 27 2 46 20 23 5 34 17 11 19 7 4 26 18 36 33 40 39 41 28 49 48 29 24 8 25 47 44 45 10 6 32 50 22
43 1 3 2 4 6 5 7 9 8 10 12 11 13 15 14 16 18 17 19 21 20 22 24 23 25 27 26 28 30 29 31 33 32 34 36 35 37 39 38 40 42 41 45 47 46 44 48 49 50
3 2 1 5 4 8 7 6 11 14 19 22 21 17 16 12 13 9 10 15 18 20 24 23
12 28 34 27 50 42 6 9 16 47 23 3 40 1 32 19 33 41 36 22 8 10 11 39 24 14 7 43 25 49 37 17 29 20 30 48 45 44 21 15 38 13 31 5 4 35 2 26 46 18
8 4 33 35 12 1 27 39 25 23 28 13 24 44 9 16 34 7 31 2 41 45 42 48 37 29 20 5 6 15 17 43 10 38 3 11 50 36 18 14 30 49 21 19 26 22 47 46 32 40
1 3 5 2 4 6 7 9 8 10
1 2 17 39 48 31 14 21 13 38 29 33 9 16 22 32 34 36 11 23 5 43 44 35 24 3 7 45 47 41 6 10 8 37 46 50 20 18 4 28 49 27 15 12 25 40 42 30 19 26
17 21 20 24 23 22 6 11 19 14 27 35 30 38 43 42 41 45 44 48 1 5 2 3 4 8 9 13 12 16 10 7 15 18 26 25 29 28 32 31 33 37 36 40 39 34 46 47
48 47 46 10 11 12 13 14 15 16 17 18 19 20 21 22 23 24 25 26 27 28 29 30 31 32 33 34 35 3 2 1 45 44 7 8 9 41 42 6 5 4 36 37 38 38 38 38
33 2 48 47 26 17 5 18 1 49 16 41 6 37 44 46 15 29 8 7 10 42 23 32 34 25 43 45 21 38 35 14 13 28 9 27 39 24 20 40 4 22 12 19 50 3 11 31 30 36
3 8 5 4 2 6 1 7
38 42 25 3 49 36 14 17 44 19 28 24 21 18 13 12 10 22 16 27 8 5 43 23 45 34 48 39 37 35 32 30 41 20 46 40 50 15 7 11 33 1 29 9 4 6 26 31 2 47
7 5 4 3 1 2 8 9 10 11 12 13 14 15 16 17 18 19 20 21 22 23 24 25 26 6 27 28 29 30 31 32 33 34 35 36 37 38 39 40 41 42 43 44 45 46 47 48
3 39 26 7 42 5 15 43 47 6 25 35 48 17 45 30 2 18 50 41 36 46 34 12 32 1 4 13 23 40 31 37 33 20 21 16 49 8 24 38 19 44 28 27 29 14 22 11 9 10
5 3 4 1 6 2
45 21 42 24 44 27 23 28 20 15 9 12 4 8 37 13 35 40 30 29 7 5 33 36 10 17 46 3 26 32 41 11 6 34 18 14 31 2 16 38 39 43 19 1 22 25
26 25 24 23 22 11 14 19 27 30 35 38 43 46 45 44 6 5 4 3 2 1 10 9 8 7 15 16 17 18 42 41 40 39 47 48 28 29 36 37 31 32 33 34 12 13 21 20
39 34 9 7 17 48 49 12 23 2 37 26 15 10 45 35 8 29 36 5 50 24 44 16 19 33 31 1 11 42 14 13 20 27 6 28 38 18 40 25 47 41 3 46 4 21 30 43 32 22
23 20 16 22 36 5 2 13 1 3 18 12 10 14 21 24 26 34 44 15 33 37 39 48 29 25 41 17 40 49 7 19 45 30 38 43 31 4 8 6 9 35 32 27 42 11 46 50 28 47
36 15 14 44 8 49 34 4 47 33 26 1 23 9 32 13 17 31 21 7 30 6 35 40 24 2 50 42 48 12 5 22 37 46 19 39 25 11 38 41 43 20 3 45 16 18 29 10 27 28
25 36 4 23 42 8 37 11 34 3 2 41 13 32 35 48 50 15 30 21 44 6 31 45 14 33 28 12 49 17 26 38 5 7 29 10 1 18 24 19 40 39 16 43 20 22 47 9 46 27
1 4 2 3
20 22 8 9 2 5 10 4 1 7 3 6 11 13 14 24 25 23 18 16 19 26 12 15 21 17
48 17 29 39 9 6 2 18 8 5 4 28 36 46 3 11 1 25 32 47 15 30 35 22 44 38 50 45 10 19 14 20 43 49 24 34 27 7 41 16 37 26 40 31 23 13 42 12 21 33
43 7 5 1 6 39 11 8 42 2 17 9 21 12 10 14 24 4 26 22 3 27 47 13 23 25 18 20 16 33 15 30 32 28 19 38 41 46 29 36 31 34 49 48 35 37 40 44 50 45
28 2 43 6 13 42 11 46 1 37 14 22 50 16 20 25 33 12 30 32 3 19 21 49 18 44 40 29 5 36 15 31 38 24 48 27 4 8 23 34 7 10 39 45 35 9 47 41 17 26
11 26 1 24 13 16 39 28 15 46 23 8 45 25 21 6 32 44 30 3 22 5 35 14 9 18 19 12 48 42 50 27 49 17 34 47 10 4 2 38 36 37 33 40 31 29 41 7 43 20
27 30 6 34 16 9 44 14 24 28 18 19 36 41 26 20 1 35 8 17 21 29 32 2 10 4 11 25 42 47 45 37 7 48 13 3 38 38 38 38 38 38 38 38 38 38 38 38 38 38
24 20 25 32 7 23 4 27 1 21 2 30 29 50 22 47 35 36 10 12 9 28 13 48 43 44 6 18 3 46 33 38 15 17 40 37 49 14 45 31 39 16 8 11 42 34 41 19 5 26
18 17 21 20 24 23 22 6 11 19 14 27 35 30 38 43 42 41 45 44 48 1 5 4 8 7 2 3 46 47 9 13 12 16 15 10 25 29 28 32 31 26 33 37 36 40 39 34
3 16 8 11 19 9 26 24 7 1 4 17 13 14 20 18 22 21 12 6 15 2 25 5 10 23
47 2 27 4 1 14 41 24 35 13 36 8 33 11 50 23 44 3 31 25 32 19 46 26 28 6 43 17 39 15 49 21 40 12 38 18 37 20 48 9 34 5 29 22 30 7 42 10 45 16
38 1 2 3 6 10 15 21 14 7 23 8 11 16 30 28 13 9 17 22 12 31 39 18 25 29 20 24 34 35 36 32 26 44 19 27 40 33 45 37 46 41 50 49 42 47 43 48 4 5
1 2 3 5 6 7 4 8 11 9 10 13 14 15 12 16 19 17 18 21 22 23 20 24 27 25 26 29 30 31 28 32 35 33 34 37 38 39 36 40 43 41 42 45 46 47 44 48
5 6 1 8 7 10 11 4 12 15 3 16 14 17 18 9 2 13
8 1 45 11 47 17 29 7 15 46 27 5 9 32 30 35 16 23 19 28 37 31 14 49 22 24 12 42 26 18 44 33 34 4 25 43 21 13 36 38 40 6 39 10 50 48 2 41 20 3
35 3 1 5 6 39 15 16 42 18 37 24 45 23 31 20 19 7 4 8 2 33 12 21 11 49 46 47 34 40 36 38 27 43 14 48 50 10 13 9 17 28 30 25 26 29 22 32 44 41
38 37 36 12 11 10 40 39 9 8 7 41 42 43 5 6 1 47 48 24 23 22 28 27 26 2 3 4 46 45 44 13 14 15 33 34 35 16 17 18 30 29 19 20 21 25 31 32
50 38 4 5 27 20 47 29 42 23 15 6 14 21 26 9 7 10 3 35 16 2 37 39 18 17 34 25 22 48 30 11 40 19 13 32 41 1 49 24 44 33 43 8 45 31 28 36 12 46
5 6 7 21 1 2 12 8 10 16 3 4 15 17 18 9 11 13 22 23 24 14 19 20 30 25 31 46 26 27 35 38 39 28 29 32 42 40 41 50 33 34 43 44 47 36 37 45 49 48
1 5 3 4 2 6
12 26 27 41 19 20 13 11 14 35 16 33 32 5 31 49 48 2 21 3 10 42 38 18 28 43 6 47 39 8 34 40 7 23 44 15 1 25 22 45 29 4 50 46 9 37 17 36 30 24
1 2 3 6 7 4 5 8
16 7 14 9 31 21 6 10 18 20 24 27 34 11 50 13 8 35 38 22 41 28 48 17 1 4 29 5 19 15 26 37 23 46 43 25 44 33 47 30 12 45 49 36 3 32 2 40 42 39
50 2 1 46 45 44 43 42 41 40 39 38 37 36 35 34 33 32 31 30 29 28 27 26 25 24 23 22 21 20 19 18 17 16 15 14 13 12 11 10 9 8 7 6 5 4 3 47 48 49
25 14 31 1 12 21 2 6 4 33 13 7 30 19 3 28 34 8 15 11 20 35 16 32 18 27 29 36 9 10 22 5 23 24 26 17
19 42 9 28 21 39 47 23 10 35 30 14 20 45 7 38 13 16 17 11 12 5 46 29 36 31 27 18 43 22 1 33 24 25 4 34 44 41 48 37 3 32 8 6 40 26 15 2
20 27 31 22 32 25 26 3 19 38 15 24 23 33 6 41 18 21 16 45 12 36 29 48 47 35 10 39 50 43 46 14 37 8 1 7 40 49 34 44 2 4 17 30 5 42 11 9 13 28
6 5 4 18 17 16 1 2 3 12 11 10 9 8 7 14 13 15
40 9 1 3 4 6 2 5 10 8 12 15 14 11 17 22 13 7 18 26 23 20 16 24 21 19 29 28 27 37 31 30 32 33 44 36 39 38 35 34 45 46 47 43 42 41 49 50 48 25
19 10 6 9 7 24 37 1 4 29 8 30 2 20 3 15 17 32 22 13 25 21 12 35 11 5 28 39 43 46 14 23 16 27 47 31 42 18 44 34 45 50 33 40 38 41 26 36 48 49
6 24 29 12 33 10 5 36 38 47 2 49 1 28 8 3 39 4 22 42 25 11 21 26 20 35 15 30 43 14 44 32 13 50 7 19 34 40 16 9 31 48 18 46 23 37 17 27 41 45
30 6 46 37 14 3 12 11 21 5 9 17 7 19 10 44 24 36 42 35 29 40 1 33 4 28 20 18 39 38 2 31 34 43 41 16 32 8 25 13 15 27 22 26 23 45
40 11 10 18 33 23 2 31 41 9 21 19 39 3 5 34 32 44 14 36 28 8 17 20 6 45 29 37 16 42 35 4 22 13 30 46 7 1 26 38 24 27 43 25 15 12
5 3 2 1 4 6 7 8 9 10 11 19 14 22 27 35 30 38 43 42 41 40 37 36 33 32 29 28 25 24 21 20 17 16 13 12 15 18 23 26 31 34 39 44 45 48 47 46
6 33 28 25 18 14 44 20 3 9 26 7 1 35 15 4 5 36 37 2 48 47 43 40 21 13 16 22 24 19 31 41 50 8 12 17 38 49 46 42 39 30 11 32 34 27 10 23 45 29
26 14 7 1 13 40 22 50 38 36 47 37 19 6 30 34 49 48 45 10 18 20 16 27 44 42 9 21 17 35 5 24 39 43 23 8 32 29 2 4 15 25 28 11 12 46 31 3 33 41
16 3 8 11 19 9 26 24 7 1 4 17 13 14 20 18 22 21 12 6 15 2 25 5 10 23
7 19 9 12 5 2 17 22 23 10 21 6 4 30 8 27 11 26 13 15 20 28 29 18 25 16 1 24 14 3
20 21 19 30 28 39 37 38 1 3 2 12 10 11 4 6 5 15 13 24 22 33 31 42 40 41 7 9 8 18 16 27 25 36 34 35 14 17 23 26 29 32 43 44
21 7 33 38 30 11 50 22 26 3 31 18 46 16 19 8 36 45 13 49 48 23 41 24 20 6 34 1 35 12 32 2 9 15 4 28 43 40 5 17 25 14 42 10 37 39 44 29 27 47
34 28 46 43 16 19 17 37 14 10 15 6 11 36 7 18 21 25 49 50 38 26 3 31 4 9 45 1 8 48 27 47 12 23 42 5 39 41 29 44 20 35 32 13 33 24 22 2 40 30
1 15 25 10 18 34 11 23 24 2 36 46 37 20 14 7 29 45 27 43 47 4 6 49 12 5 22 3 9 19 32 48 40 39 17 8 44 41 30 33 28 31 26 38 50 16 13 35 21 42
7 18 15 13 47 21 36 44 45 42 12 10 6 5 40 35 50 28 25 1 26 29 39 22 9 16 46 17 24 34 8 31 27 11 30 38 14 23 48 49 33 4 2 37 32 20 3 43 19 41
18 17 16 15 14 13 2 1 3 23 5 6 7 44 43 31 30 27 28 29 22 4 24 25 26 33 9 47 46 45 48 49 34 35 36 37 38 10 11 12 39 19 20 21 50 42 41 40 8 32
40 6 48 20 35 10 43 42 32 5 14 3 45 33 17 11 18 19 24 21 46 2 15 47 9 44 13 34 39 25 16 38 49 7 37 36 8 31 28 23 27 22 29 12 41 26 30 1 4 50
47 2 8 24 10 18 22 15 21 38 13 30 36 32 20 14 49 19 5 50 27 3 43 41 37 44 1 29 26 4 16 42 17 45 31 6 48 7 39 11 46 9 34 12 35 33 28 23 25 40
27 9 15 33 40 10 41 28 2 5 13 17 18 23 7 1 16 34 24 21 35 20 32 36 14 46 31 25 26 3 30 43 19 47 12 22 6 39 4 44 8 11 29 37 42 38 45 48
30 31 18 19 20 21 13 5 9 17 25 29 33 37 41 45 44 43 42 46 47 34 35 36 1 2 3 4 6 7 8 10 11 12 14 15 16 22 23 24 26 27 28 32 40 39 38 48
11 7 2 26 31 16 32 29 18 9 3 24 19 4 17 13 21 20 12 30 25 15 8 5 14 22 27 6 23 1 28 10
1 2 3 26 27 28 25 4 5 29 30 31 24 6 7 32 33 34 23 8 9 35 36 37 22 10 11 38 39 40 21 12 13 41 42 43 20 14 15 44 45 46 19 16 17 47 48 49 18 50
3 1 4 2 6 8 5 7 10 11 9 12 13 15 14 16
1 22 10 2 13 4 24 8 20 3 15 9 14 7 11 5 23 26 6 25 12 16 19 21 17 18
39 10 8 28 31 19 2 1 34 35 27 15 50 23 12 25 9 5 48 33 20 36 16 17 41 42 3 29 45 30 37 26 11 40 24 18 21 14 6 32 47 7 43 4 44 46 49 22 13 38
4 2 5 6 1 3
39 41 15 16 21 48 10 43 17 45 8 38 14 30 31 35 33 44 27 37 40 28 29 13 11 32 46 34 12 36 9 25 19 49 50 22 23 42 18 26 20 47 24 4 3 2 1 5 6 7
10 3 1 25 8 48 20 37 12 29 36 31 2 17 23 11 27 4 44 7 26 15 14 47 6 33 28 19 9 39 45 18 38 5 46 30 21 24 22 49 35 32 50 40 42 43 13 16 34 41
6 5 1 2 3 4 12 11 10 9 13 14 15 8 16 17 21 22 23 18 19 20 28 27 26 25 29 30 31 24 32 33 37 38 39 34 35 36 44 43 42 41 45 46 47 40 48 7
25 47 8 31 27 40 12 18 22 2 34 23 1 13 46 35 3 49 50 28 42 10 6 17 15 41 5 19 48 11 30 14 37 44 33 20 4 43 9 24 26 45 39 29 21 7 32 16 36 38
44 42 38 11 24 47 17 35 46 25 26 2 43 37 32 7 6 29 22 31 4 19 27 9 3 15 16 1 10 40 50 49 36 23 39 18 34 34 34 34 34 34 34 34 34 34 34 34 34 34
22 48 14 2 6 37 20 43 12 30 21 50 9 16 19 49 38 17 32 41 27 3 28 31 23 39 29 47 7 44 15 36 35 5 1 8 4 34 18 45 24 33 42 40 13 11 26 46 10 25
1 7 34 14 38 21 44 5 50 8 19 20 11 3 43 46 6 15 16 45 10 30 41 36 31 22 39 18 33 28 37 13 4 42 12 47 25 48 2 24 32 26 35 27 29 17 40 9 49 23
37 2 34 47 18 5 41 33 3 10 44 25 4 12 6 42 8 43 9 48 19 38 29 24 50 46 26 7 27 35 23 1 39 32 30 28 15 36 49 13 20 21 14 40 16 11 45 22 17 31
1 38 33 5 30 44 6 21 18 48 19 20 10 16 14 12 3 8 46 39 2 41 40 50 26 49 22 35 28 32 9 17 27 24 36 23 7 34 15 42 31 43 29 4 47 25 13 45 37 11
42 30 1 41 7 34 19 36 6 12 9 14 31 8 45 13 44 17 43 38 15 16 4 11 5 46 40 33 25 3 24 49 37 20 39 32 26 18 22 48 21 47 35 28 23 2 29 10 50 27
17 26 47 21 41 15 27 19 29 37 1 38 9 48 22 8 31 7 30 4 2 6 42 3 34 14 32 28 39 11 23 25 18 35 45 36 16 44 50 40 49 33 12 5 10 24 13 20 43 46
6 10 5 47 46 48 38 3 12 30 31 49 1 14 9 13 15 33 26 41 20 22 35 17 28 40 43 2 34 16 39 44 4 45 37 36 18 21 11 24 32 8 50 25 19 7 23 29 42 27
6 25 15 32 29 4 8 42 1 30 49 37 18 33 9 23 24 26 41 50 7 16 47 13 40 43 19 44 22 10 31 46 20 45 3 2 12 27 5 17 38 14 34 11 39 35 36 48 28 21
12 14 47 36 2 30 27 10 18 33 31 9 37 16 38 44 6 34 35 32 1 39 3 49 13 7 21 45 15 17 43 41 8 11 5 28 42 50 25 40 48 24 19 22 46 23 29 20 4 26
10 9 13 12 16 15 14 6 11 19 27 22 35 30 38 43 42 41 45 44 48 1 5 4 8 7 2 3 46 47 17 21 20 24 23 18 25 29 28 32 31 26 33 37 36 40 39 34
44 47 28 20 35 41 18 3 17 39 22 5 24 34 19 7 42 27 25 49 6 30 23 31 14 8 16 45 46 50 11 9 26 37 4 10 2 33 48 38 12 21 13 32 29 40 36 15 1 43
36 1 2 3 26 4 5 6 27 7 8 9 28 10 11 12 29 13 14 15 30 16 17 18 31 19 20 21 32 22 23 24 33 25 34 35 37 37 37 37 37 37 37 37 37 37 37 37 37 37
21 8 1 42 45 31 11 24 4 28 27 40 3 15 14 44 36 38 23 17 20 29 47 26 6 13 7 34 50 37 12 5 19 30 35 48 16 22 10 46 43 41 2 9 25 39 33 32 18 49
35 20 3 47 16 2 15 8 5 49 29 6 19 23 26 37 48 39 27 30 1 28 17 33 12 11 22 24 43 13 46 44 34 31 14 42 50 7 10 4 41 21 32 18 40 45 25 36 9 38
7 8 4 9 1 2 19 10 13 3 15 12 5 11 17 18 14 16 20 6
26 1 2 3 27 4 5 6 28 7 8 9 29 10 11 12 30 13 14 15 31 16 17 18 32 19 20 21 33 22 23 24 34 25 35 36 37 37 37 37 37 37 37 37 37 37 37 37 37 37
18 35 6 27 8 22 21 4 39 13 20 17 42 5 19 29 10 28 11 23 3 31 45 41 9 50 40 2 24 38 12 25 44 37 16 48 1 26 49 30 7 34 43 47 14 15 46 33 32 36
1 2 3 26 27 28 4 5 6 29 30 31 7 8 9 32 33 34 10 11 12 35 36 37 13 14 15 38 39 40 16 17 18 41 42 43 19 20 21 44 45 46 22 23 24 47 48 49 25 50
34 33 37 36 40 39 38 6 11 19 14 22 27 35 30 43 44 48 47 42 41 45 46 3 2 1 5 4 8 7 9 10 15 16 12 13 17 21 20 24 23 18 25 26 31 32 28 29
49 1 8 10 12 14 15 31 17 43 6 22 27 30 32 40 45 41 44 47 16 5 9 19 23 24 33 34 37 42 4 2 7 13 18 25 28 29 35 50 48 3 11 20 21 26 36 38 39 46
5 14 9 2 11 1 8 7 4 3 10 13 12 6
5 1 8 4 3 2 6 7
1 2 24 25 26 27 28 29 30 31 32 33 34 35 36 37 38 39 40 41 42 43 44 45 46 47 48 3 4 5 6 7 8 9 10 11 12 13 14 15 16 17 18 19 20 21 22 23
15 14 3 2 1 5 4 8 9 13 12 16 17 21 20 24 23 22 11 10 6 19 18 7
14 18 1 19 32 50 34 37 22 7 9 25 29 3 43 39 45 10 15 33 6 27 13 16 23 4 36 31 24 8 5 17 21 38 47 26 30 42 35 11 28 41 12 40 49 46 2 20 48 44
42 14 24 9 36 33 20 44 19 39 46 10 34 4 30 17 22 43 1 15 31 40 8 38 41 48 32 26 50 45 35 2 13 16 49 37 6 7 5 25 21 12 28 18 29 47 3 23 11 27
1 3 5 2 6 4 7 8 9 11 12 10 15 13 16 14
13 5 27 18 28 10 33 17 19 3 39 21 9 20 29 2 32 30 34 12 8 7 26 14 35 4 15 23 31 40 1 24 38 16 22 36 37 11 6 25
28 22 12 43 23 32 27 7 6 49 25 14 31 10 34 5 17 20 8 38 18 35 3 46 44 15 2 4 9 13 39 16 26 40 11 45 33 19 21 42 50 41 1 47 36 29 24 37 48 30
17 35 16 23 21 44 45 18 34 25 22 32 43 36 27 19 48 20 31 26 41 50 40 29 33 37 30 24 38 28 39 46 42 49 47 1 14 10 3 4 9 6 7 8 15 11 5 13 12 2
20 17 41 30 49 35 42 11 28 39 33 25 44 47 45 19 26 6 2 12 21 22 32 34 27 38 9 48 18 31 3 5 4 10 15 46 50 43 16 36 37 24 14 8 23 7 1 40 29 13
11 9 14 15 24 32 50 34 47 5 19 35 46 17 44 13 38 8 6 43 26 20 10 2 41 21 25 29 16 37 23 45 31 39 36 48 28 42 12 7 27 3 4 33 18 22 1 49 30 40
11 10 9 8 7 6 5 4 3 2 1 17 22 23 24 16 40 39 38 37 36 35 34 33 25 26 27 28 29 14 15 41 49 50 20 19 18 48 46 47 12 13 32 31 30 21 44 42 43 45
19 12 23 21 10 22 7 25 34 33 24 31 2 13 18 28 17 32 5 16 15 1 9 27 4 6 14 8 26 29 20 30 3 11
46 24 11 2 32 6 29 30 4 18 49 14 45 1 8 25 7 40 41 33 47 20 26 37 22 15 48 34 39 38 44 21 5 35 16 28 19 43 27 10 23 13 31 12 17 50 3 42 9 36
30 39 50 23 6 22 27 2 9 34 19 11 44 15 18 33 20 1 7 41 25 43 38 32 42 8 40 29 48 3 14 26 28 12 46 13 35 21 49 5 37 16 31 17 47 4 24 10 36 45
18 13 40 24 8 17 25 6 9 21 31 2 12 5 35 3 1 32 20 28 36 22 14 33 39 19 26 15 10 4 27 23 16 29 11 7 37 30 34 38
19 9 8 1 2 3 4 5 16 6 7 23 13 10 11 12 20 14 15 17 21 18 22 24
21 17 13 12 8 4 3 2 1 5 9 10 11 6 14 19 27 22 30 35 43 38 46 45 41 37 36 32 28 29 25 24 20 16 15 7 18 23 26 31 33 34 39 40 44 48 47 42 49 50
30 31 18 19 20 21 13 5 9 17 25 29 33 37 41 45 44 43 42 46 47 34 35 36 1 2 3 4 6 7 8 10 11 12 14 15 16 22 23 24 26 27 28 32 40 39 38 48
10 9 8 1 2 3 4 5 7 6 11 12 13 14 15 17 16 18 19 21 22 23 24 25 27 26 28 29 29 29
39 3 48 13 9 47 20 12 31 49 22 8 15 4 16 6 36 10 2 41 29 38 24 42 27 40 5 21 43 30 26 14 33 45 1 7 50 37 34 11 28 46 25 23 32 18 19 44 17 35
1 5 4 6 2 3
28 41 12 17 44 40 6 37 39 32 13 3 25 26 27 19 10 14 22 30 23 29 38 43 46 47 5 33 2 15 16 18 21 20 34 1 11 31 4 8 7 42 45 36 9 24 48 35
9 1 2 3 4 5 6 7 8 10
1 3 5 2 4 6
1 2 3 4 5 6 7 8 9 10 11 12 13 14 15 16 17 18 19 20 21 22 23 24 25 26 27 28 29 30 31 32 33 34 35 36 37 38 39 40 41 42 43 44 45 46 47 48 49 50
37 21 3 6 25 16 24 10 4 38 36 18 45 43 8 39 48 42 12 27 34 26 15 9 11 35 13 23 14 17 5 47 22 20 30 44 19 46 40 31 32 50 29 49 1 7 41 2 33 28
48 45 42 40 37 34 31 28 25 22 19 16 13 10 8 5 2 1 3 4 6 7 9 11 12 15 14 17 18 20 21 23 24 26 27 29 30 32 35 33 36 38 39 41 43 44 46 47 49 49
6 5 4 3 7 8 9 2 10 11 15 16 17 12 13 14 22 21 20 19 23 24 25 18 26 27 31 32 33 28 29 30 38 37 36 35 39 40 41 34 42 1 48 47 43 44 45 46
7 1 12 20 24 4 25 28 22 14 26 19 18 5 3 11 16 27 15 6 9 2 17 23 21 13 10 8
34 41 46 6 21 9 28 39 27 18 24 22 32 50 38 10 1 4 29 36 35 12 13 3 48 43 30 25 11 16 40 44 47 2 8 15 31 45 42 23 20 19 37 26 33 5 7 17 49 14
50 2 1 3 4 5 6 7 8 9 10 11 12 13 14 15 16 17 18 19 20 21 22 23 24 25 26 27 28 29 30 31 32 33 34 35 36 37 38 39 40 41 42 43 44 45 46 47 48 49
27 12 32 3 40 30 13 2 43 19 29 15 4 6 42 14 50 44 17 49 18 33 11 23 39 7 5 28 1 24 21 36 38 10 20 41 46 9 34 48 45 25 37 47 8 31 16 35 22 26
49 1 28 23 12 48 37 18 13 2 33 29 40 36 30 24 43 35 39 16 15 20 14 10 4 45 34 7 3 42 27 25 22 47 6 11 46 8 19 31 44 41 38 50 26 32 21 17 5 9
12 16 9 47 7 50 5 27 29 18 4 41 43 42 3 44 49 1 48 30 28 21 24 37 38 23 34 8 33 32 25 22 11 36 26 35 20 19 6 31 15 10 17 39 13 45 14 2 46 40
4 19 28 26 36 9 42 16 21 35 41 2 6 17 12 34 24 50 1 5 44 27 22 29 32 7 11 37 14 15 20 46 45 31 47 30 43 3 23 18 33 38 49 39 8 40 10 13 48 25
3 2 1 5 4 8 7 6 11 10 9 13 12 16 15 14
49 37 10 23 36 19 14 24 30 4 7 20 46 11 5 47 22 13 6 34 32 39 16 27 25 43 21 3 45 28 8 18 12 17 15 31 38 38 38 38 38 38 38 38 38 38 38 38 38 38
28 20 2 5 50 18 17 39 34 46 8 23 22 25 6 32 42 29 9 11 36 1 27 10 15 30 45 19 44 38 35 31 40 3 4 24 16 41 43 48 7 12 37 33 21 49 26 13 14 47
23 10 25 11 28 44 12 16 7 5 24 17 33 43 14 8 46 18 26 32 27 49 45 36 40 34 47 38 31 42 29 15 3 19 13 35 50 4 1 20 30 21 2 22 37 41 39 6 48 9
7 1 10 2 6 5 3 4 9 8
50 36 43 23 22 35 5 12 44 33 1 6 2 37 46 39 49 3 25 15 17 13 31 8 4 32 7 42 20 30 38 21 29 11 19 9 27 41 40 47 45 48 14 24 10 34 16 28 18 26
37 32 38 17 45 30 20 35 6 24 14 50 21 7 36 46 47 9 11 4 1 3 40 39 44 15 16 43 23 27 8 48 5 2 13 22 34 29 25 28 19 18 33 41 31 49 10 26 42 12
17 16 15 14 13 12 11 10 9 8 7 6 5 4 3 2 1 18 19 20
39 40 34 36 31 32 37 38 35 33 50 41 44 48 43 47 46 49 45 42 17 13 15 16 11 14 18 19 12 30 7 5 9 4 8 3 6 1 10 2 21 29 26 23 27 24 25 22 28 20
39 14 21 42 38 47 17 13 37 32 33 6 45 26 18 27 43 11 25 20 3 9 48 41 1 15 24 12 5 46 8 23 22 34 31 44 7 40 10 30 29 4 2 19 35 16 50 36 28 49
20 19 4 7 30 31 46 33 15 35 28 5 22 11 39 34 43 40 2 23 48 12 6 44 18 1 32 16 13 10 21 49 8 25 3 14 26 50 24 36 42 29 38 9 45 41 17 37 27 47
23 28 42 19 48 21 49 33 20 35 32 27 22 11 37 6 41 8 36 43 14 18 45 17 9 2 7 30 44 12 31 50 5 47 1 10 15 34 38 39 24 40 4 46 13 26 3 29 25 16
5 1 2 4 6 3
10 29 19 23 1 9 8 5 12 27 22 20 3 7 16 6 2 11 21 24 14 4 15 17 13 25 18 28 26 30
4 10 9 1 2 8 6 3 5 7
30 29 1 2 9 23 8 11 22 26 13 7 32 20 44 33 28 3 47 24 16 41 27 38 34 25 18 14 36 19 42 48 21 4 49 17 45 6 31 46 39 10 15 40 50 37 12 35 5 43
26 27 28 17 18 19 20 21 13 12 11 10 9 8 1 6 5 4 3 2 7 16 15 14 25 24 23 22
9 40 6 38 3 14 12 48 37 50 42 8 7 16 2 20 1 34 18 44 11 46 26 24 23 32 4 22 19 28 30 10 5 36 33 13 39 39 39 39 39 39 39 39 39 39 39 39 39 39
6 18 15 33 41 48 47 9 23 22 32 2 10 27 14 20 50 37 39 3 11 17 25 7 35 46 31 24 12 16 42 30 28 36 19 45 49 34 5 44 26 8 43 21 13 38 4 29 40 1
31 30 29 28 27 26 25 1 9 24 16 32 17 33 41 40 48 8 7 6 5 4 3 2 10 11 12 13 14 15 18 19 20 21 23 22 34 35 36 37 38 39 42 43 44 45 46 47
6 8 30 40 7 27 22 37 25 23 15 1 47 4 12 5 46 34 2 21 19 49 44 48 10 35 17 3 41 26 13 16 29 31 28 38 18 36 24 20 33 32 11 45 9 39 43 14 42 50
3 1 2 26 27 28 4 5 6 30 29 31 7 8 9 32 33 34 10 11 12 35 36 37 13 14 15 38 39 40 16 17 18 42 41 43 19 20 21 44 45 46 22 23 24 47 48 49 25 50
2 1 9 5 4 3 6 11 10 7 13 12 8 19 14 16 18 15 17 20 21 29 22 26 31 27 25 24 28 30 33 23 32 37 40 34 35 39 43 42 45 41 47 44 38 46 48 36 50 49
1 2 3 4 5 6 7 8 9 10 11 14 19 22 27 30 35 38 43 46 45 44 31 32 33 34 15 16 17 18 24 23 26 25 20 21 37 36 12 13 42 41 40 39 29 28 48 47
5 10 7 15 16 8 2 18 6 11 17 14 13 19 3 12 4 9 20 1
1 2 3 4 5 6 7 8 9 10 11 12 13 14 15 16 17 18 19 20 21 22 23 24 25 26 27 28 29 30 31 32 33 34 35 36 37 38 39 40 41 42 43 44 45 46 47 48 49 50
4 7 29 13 24 16 15 30 25 31 28 22 50 3 18 17 42 36 37 1 21 35 12 14 43 8 10 23 5 20 32 46 9 44 49 39 26 19 27 2 38 45 33 41 6 34 40 47 48 11
38 50 10 25 9 32 14 3 39 33 12 21 24 47 36 23 20 4 27 6 1 2 18 34 40 45 19 42 26 28 16 37 17 46 22 49 29 35 8 30 44 5 15 13 7 31 41 11 43 48
10 43 8 28 23 31 17 5 49 15 4 24 30 33 3 21 47 34 44 40 7 19 14 11 6 1 22 29 45 39 25 27 13 41 26 37 46 20 16 48 9 36 35 18 50 32 42 38 12 2
11 31 5 15 20 27 23 7 36 4 14 6 35 3 17 16 9 49 32 38 8 28 45 33 48 43 42 10 12 1 41 25 50 18 26 24 39 37 44 19 46 22 34 21 30 13 47 29 2 40
9 1 2 3 4 5 6 7 8 10
42 24 30 6 3 5 4 7 8 9 10 11 12 48 18 36 21 39 46 16 34 25 1 31 13 43 40 22 28 14 32 2 26 20 38 17 35 27 41 23 29 37 19 44 33 15 45 47
23 34 47 32 17 39 10 21 8 14 37 19 29 5 22 16 7 12 28 36 40 38 15 45 43 20 6 3 44 46 2 31 1 42 49 24 33 26 18 27 13 11 41 35 50 48 25 9 4 30
6 5 2 1 7 8 4 3 9 15 14 13 10 11 12 16 17 18 19 21 22 23 20 24 25 26 27 29 30 31 28 32 33 34 35 37 38 39 36 40 41 42 43 45 46 47 44 48
8 6 43 21 4 23 19 1 46 3 11 5 22 13 10 40 7 18 35 33 15 20 47 39 14 32 29 17 37 9 30 42 12 34 45 31 26 28 44 48 2 36 25 50 24 49 16 27 41 38
22 17 4 13 21 5 1 14 20 6 9 16 8 24 7 11 2 10 23 26 3 18 25 15 12 19
8 3 12 11 1 5 15 7 2 13 10 14 6 9 4 16
6 4 5 12 11 10 13 14 9 8 7 3 1 2 16 15 17 18 19 20
17 7 16 40 23 30 28 32 25 1 11 37 4 46 19 49 20 36 13 38 15 29 34 18 14 27 41 47 10 42 12 31 43 33 3 22 26 50 8 9 21 39 44 2 5 6 45 35 24 48
8 3 19 34 17 6 2 1 10 22 12 11 40 29 47 49 39 15 23 32 16 38 50 35 44 14 46 36 37 28 41 18 9 33 7 26 5 45 42 27 13 21 25 48 43 24 30 20 4 31
8 45 22 13 7 5 41 34 16 38 23 6 44 21 25 32 36 47 15 35 1 40 37 26 4 27 50 43 46 17 20 48 3 12 31 42 2 30 19 18 28 33 24 14 11 49 29 10 39 9
40 39 34 35 32 36 38 31 37 33 30 29 24 25 22 9 4 5 2 6 8 1 7 3 10 13 17 11 18 12 15 14 19 20 23 27 21 28 26 16 41 47 46 44 48 50 43 49 45 42
11 9 19 3 35 44 5 2 10 7 42 49 37 36 28 32 12 50 39 33 22 34 24 29 1 13 31 17 15 40 38 48 25 14 18 27 47 20 23 43 41 6 45 21 16 8 4 46 30 26
5 10 8 9 1 4 7 3 2 6
5 1 2 28 9 24 12 33 17 37 19 21 18 41 32 34 38 31 47 40 42 6 7 45 46 13 44 11 16 4 8 3 27 22 23 25 36 29 30 14 15 20 43 26 35 39 48 50 49 10
1 2 3 4 5 6
3 2 1 16 15 14 5 11 10 9 7 6 4 12 13 8
49 48 47 46 45 44 43 42 41 40 39 38 37 36 35 34 33 32 31 30 29 28 27 26 25 24 23 22 21 20 19 18 17 16 15 14 13 12 11 10 9 8 7 6 5 4 3 2 1 50
38 7 40 9 21 47 10 14 44 19 27 32 48 1 23 33 6 46 22 11 4 37 30 17 24 15 45 35 34 25 16 26 43 3 20 36 12 41 2 31 49 50 13 29 28 8 39 42 18 5
36 1 2 3 26 4 5 6 27 7 8 9 28 10 29 11 12 13 30 14 15 16 31 17 18 19 32 20 21 22 33 23 24 25 34 37 35 35 35 35 35 35 35 35 35 35 35 35 35 35
9 4 6 2 1 5 8 10 7 3
18 1 2 4 3 5 6 9 12 7 14 8 10 11 15 22 13 16 17 19 21 20
24 20 7 31 47 4 11 29 30 40 21 41 32 35 45 10 17 44 3 46 42 25 2 43 8 36 26 50 27 39 6 12 22 48 5 9 15 37 13 14 34 19 1 28 23 38 16 18 49 49
38 31 32 9 1 2 39 33 34 12 11 13 46 41 42 7 3 4 50 43 44 8 5 6 29 21 22 23 26 24 25 27 28 30 19 14 15 45 47 48 18 16 17 37 35 36 10 40 20 49
38 11 3 2 1 8 4 5 6 7 9 12 23 14 28 15 16 43 13 17 24 20 19 25 33 18 21 10 39 26 37 29 42 27 32 36 22 45 30 35 34 44 31 41 47 40 46 46
41 7 3 20 13 4 24 31 6 5 11 1 45 42 37 12 10 30 50 29 32 36 26 46 25 34 43 23 39 35 33 28 9 19 21 44 18 16 2 15 17 22 40 48 49 14 38 8 47 27
22 14 5 30 39 50 25 8 9 34 33 10 32 3 2 24 26 1 4 38 13 20 40 28 23 27 12 11 46 21 15 31 37 6 42 17 7 36 43 16 45 29 41 18 49 47 19 48 44 35
26 1 2 3 27 4 5 6 28 7 8 9 29 10 11 12 30 13 14 15 31 16 17 18 32 19 20 21 33 22 23 24 34 25 35 36 37 37 37 37 37 37 37 37 37 37 37 37 37 37
3 1 2 4
18 7 3 32 36 27 24 4 22 37 21 35 49 48 11 9 43 50 40 16 17 44 33 28 5 1 30 15 12 8 31 34 6 38 13 10 45 2 47 42 41 19 39 46 29 20 14 26 23 25
17 45 18 3 13 6 49 23 7 40 42 1 35 4 44 12 47 29 20 9 46 27 14 21 15 2 19 26 43 24 22 33 25 28 32 16 37 34 11 30 50 5 48 8 36 39 31 38 10 41
30 21 22 23 26 24 25 27 28 29 5 1 2 36 31 32 19 11 12 50 41 42 17 13 14 44 43 45 7 3 4 40 33 34 8 6 9 37 35 38 10 18 15 39 48 46 20 16 47 49
9 20 30 4 27 26 36 21 45 39 10 28 8 22 17 33 7 37 3 48 11 15 31 16 32 25 38 40 13 14 2 24 29 19 23 34 5 47 12 1 42 18 6 41 49 35 44 46 50 43
1 2 3 4 5 6 7 8 9 10 11 12 13 14 15 16 17 18 19 20 21 22 23 24 25 26 27 28 29 30 31 32 33 34 35 36 37 38 39 40 41 42 43 44 45 46 47 48
21 23 24 27 25 26 32 31 29 20 18 17 6 8 5 2 4 3 15 14 13 11 10 12 22 19 1 30 28 16 7 9
9 3 17 13 6 15 18 45 23 29 38 44 25 8 5 24 27 1 26 11 30 20 31 14 2 37 42 19 46 22 39 10 33 36 35 40 32 21 7 16 49 41 12 28 50 4 43 47 34 48
14 35 10 27 3 7 48 39 5 16 20 50 17 47 4 25 31 26 37 28 40 42 30 6 22 41 43 1 11 9 44 2 34 36 19 12 13 15 38 18 24 8 29 49 33 45 32 23 21 46
32 14 26 15 7 22 11 21 33 40 6 35 36 34 9 29 12 3 20 27 24 39 4 17 13 1 37 28 10 30 19 2 16 25 31 8 23 5 38 18
9 25 37 47 42 15 22 20 35 5 6 8 1 43 41 50 32 21 33 4 17 7 26 46 18 44 19 24 11 28 3 45 14 31 23 10 16 12 40 30 49 13 2 29 39 27 36 48 34 38
18 17 13 12 8 4 5 1 2 3 6 11 19 14 22 27 35 30 38 43 42 41 37 36 32 28 29 25 21 20 16 15 9 10 7 23 24 26 31 33 34 39 40 44 45 46 47 48 49 50
24 36 3 23 7 28 44 29 48 46 2 50 34 21 15 49 25 20 37 40 1 27 45 12 9 10 30 17 8 11 13 32 38 6 19 26 33 5 4 35 14 47 16 22 41 31 18 43 42 39
14 20 3 9 43 1 4 45 49 10 2 6 7 44 34 8 22 19 15 33 38 47 37 23 40 32 21 36 42 26 18 5 17 35 48 12 25 24 29 39 28 27 46 30 13 31 50 16 41 11
37 26 33 19 2 9 12 42 15 4 21 28 24 8 6 35 23 46 47 45 34 3 27 41 29 16 5 11 1 14 18 31 30 32 50 43 25 48 39 38 49 13 7 20 44 22 17 10 36 40
48 49 22 4 24 16 17 19 44 43 41 40 39 38 37 36 12 9 46 8 7 18 23 50 14 13 34 33 15 29 28 3 10 11 20 6 5 21 2 1 42 32 31 30 47 45 35 27 26 25
9 28 40 1 27 4 33 34 21 23 39 11 22 44 50 2 47 49 10 38 12 32 24 20 3 41 17 42 36 26 29 7 37 5 25 14 35 16 19 30 31 6 15 43 46 13 8 18 45 48
1 2 3 4 5 6 7 8 9 10 11 12 13 14 15 16 17 18 19 20 21 22 23 24 25 26 27 28 29 30 31 32 33 34 35 36 37 38 39 40 41 42 43 44 45 46 47 48 49 50
9 11 43 41 12 26 29 4 1 36 44 42 7 27 10 16 49 45 37 35 2 3 48 46 33 18 19 34 24 39 50 32 15 13 14 38 17 20 28 47 30 8 5 31 21 40 22 25 23 6
44 3 7 50 5 48 32 47 34 19 14 30 11 38 39 16 13 20 46 29 26 33 28 6 43 10 12 36 40 23 41 15 21 42 24 37 35 27 25 4 22 8 17 49 9 2 18 31 45 1
9 1 10 22 15 5 23 2 19 6 35 38 46 29 16 14 4 13 21 26 45 17 7 20 18 24 30 11 34 25 47 8 12 27 3 44 48 49 31 32 28 33 37 42 39 36 40 50 43 41
16 34 43 25 31 29 12 41 33 47 49 37 48 40 3 1 9 17 4 15 44 30 10 18 13 21 6 8 35 46 28 26 23 32 38 24 42 27 5 19 20 39 7 45 50 36 2 22 14 11
1 2 3 4 5 6 7 8 9 10 11 12 13 14 15 16 17 18 19 20 21 22 23 24 25 26 27 28 29 30 31 32 33 34 35 36 37 38 39 40 41 42 43 44 45 46 47 48 49 49
3 1 4 2 5 6 7 8 9 10 11 12 13 14 15 16 17 18 19 20 21 22 23 24
8 4 5 2 6 7 3 1
48 35 14 26 9 18 50 29 22 8 36 6 10 49 45 42 4 39 20 19 1 23 11 37 12 40 17 13 3 41 44 31 7 24 16 2 46 30 5 25 34 15 47 27 38 33 32 43 28 21
41 14 7 8 38 13 23 37 15 49 2 48 1 30 39 11 34 50 27 10 5 6 47 44 16 33 29 4 24 42 45 32 18 28 9 20 31 3 25 43 36 17 12 19 40 35 46 21 22 26
18 17 21 20 24 23 22 6 11 19 14 27 35 30 38 43 42 41 45 44 48 47 46 3 2 1 5 4 8 7 9 13 12 16 15 10 25 29 28 32 31 26 33 37 36 40 39 34
1 2 3 4 5 6 7 8 9 10 11 12 13 14 15 16 17 18 19 20 21 22 23 24 25 26 27 28 29 30 31 32 33 34 36 35 37 38 39 40 41 42 43 44 45 46 47 48 50 49
40 13 20 26 24 6 15 7 19 41 42 39 28 1 43 22 32 50 47 18 25 33 2 11 4 46 44 37 3 34 21 5 49 36 30 35 45 23 8 27 48 17 38 9 12 14 16 29 31 10
40 7 33 24 31 10 38 35 13 22 41 26 23 5 2 27 37 43 45 48 49 12 1 50 14 28 32 29 15 19 16 4 34 39 42 47 6 36 25 9 18 3 20 21 8 46 30 17 11 44
47 32 5 24 3 1 7 2 13 4 28 20 37 21 22 12 36 35 23 8 9 29 17 19 42 16 10 41 30 14 34 15 48 33 31 11 25 27 6 46 39 38 45 43 44 26 40 18
1 33 36 3 19 29 41 50 27 37 34 9 26 49 43 5 42 16 2 47 4 7 10 14 39 13 46 31 40 12 45 20 38 18 15 17 30 32 44 22 25 21 23 11 35 8 28 6 24 48
17 16 32 46 15 9 7 25 22 28 21 14 8 40 2 50 27 37 33 31 36 44 42 10 41 47 48 38 30 20 45 12 49 34 18 1 19 5 29 3 4 13 35 43 11 6 24 23 26 39
32 22 23 47 35 41 8 48 43 38 17 14 29 26 24 30 37 21 16 13 18 5 10 50 36 11 49 12 44 33 45 46 9 2 4 6 20 34 15 28 1 31 42 3 25 19 27 39 40 7
14 12 10 3 2 1 6 4 5 29 22 20 18 7 8 15 9 16 11 17 19 24 26 28 13 21 23 30 27 25
41 47 25 20 39 43 33 10 5 26 44 49 45 6 32 2 42 46 8 36 48 50 29 22 24 4 19 38 3 35 11 27 34 1 30 23 40 21 37 31 28 9 7 12 13 14 15 16 17 17
39 6 16 12 46 9 4 7 5 42 11 26 50 13 37 15 27 30 25 14 17 23 29 47 18 48 20 44 2 8 24 19 38 1 35 33 36 49 45 41 22 3 40 21 34 43 10 28 31 32
15 42 1 6 13 2 3 4 5 7 18 8 27 9 20 10 14 17 31 32 11 34 25 16 28 37 12 19 47 29 21 23 26 22 38 39 33 30 49 44 45 24 35 50 36 40 41 43 46 48
1 2 3 4
17 16 18 19 20 21 22 24 23 2 1 3 4 6 5 7 9 8 28 29 30 31 32 33 34 36 35 45 43 44 10 11 12 13 15 14 46 47 48 38 37 39 40 41 42 25 27 26
4 2 3 15 16 13 7 1 8 11 19 17 9 5 10 12 18 20 6 14
1 2 3 15 16 17 4 5 6 18 19 20 7 8 9 21 22 23 10 11 12 24 25 26 13 14 27 28
14 46 45 47 2 1 26 24 10 20 32 42 7 37 27 22 49 5 11 28 29 18 8 38 6 50 31 41 12 44 43 4 23 16 13 30 40 3 25 19 36 39 15 17 48 21 9 34 33 35
28 50 2 35 15 42 20 4 11 30 39 16 27 18 37 8 23 1 45 10 6 25 9 3 43 26 29 33 49 17 36 13 41 24 7 5 22 34 48 38 14 31 19 47 40 44 21 12 32 46
7 5 6 8 9 2 3 10 1 4
13 1 7 8 24 36 27 3 34 20 25 39 21 46 4 6 30 26 19 50 47 28 35 16 12 18 11 2 37 49 41 33 31 48 10 17 43 38 42 9 32 44 14 22 23 15 5 45 40 29
7 25 47 43 16 5 49 50 15 24 39 35 6 20 3 9 18 33 13 32 11 12 30 44 28 14 17 48 19 8 45 21 34 10 31 29 2 4 26 38 27 40 1 22 23 41 42 37 46 36
42 16 20 6 46 1 9 3 50 26 41 49 28 5 18 4 24 33 37 47 38 13 31 30 11 45 23 44 12 36 48 40 7 29 35 21 17 10 2 27 32 43 15 25 34 8 19 22 39 14
32 35 31 27 28 26 10 8 11 5 2 3 7 12 9 13 17 18 19 20 23 15 14 16 34 33 36 37 39 41 24 22 21 25 29 30 47 43 44 42 40 38 48 45 46 6 4 1
21 26 18 23 31 7 27 29 2 13 1 48 10 20 43 3 5 34 49 4 39 12 33 9 37 17 15 41 19 16 36 22 50 40 6 32 44 46 25 42 38 14 28 47 35 45 11 30 24 8
5 1 2 3 4 6
4 1 2 3 50 49 48 5 6 7 8 9 10 11 12 13 14 15 16 17 18 19 20 21 22 23 24 25 26 27 28 29 30 31 32 33 34 35 36 37 38 39 40 41 41 41 41 41 41 41
27 32 16 39 8 2 10 37 11 12 15 33 7 4 22 17 5 18 26 13 38 41 25 14 40 20 29 28 46 44 42 45 3 30 43 23 1 31 35 21 24 6 19 36 34 9
37 36 3 44 18 9 45 1 6 27 11 20 17 4 24 12 22 31 35 26 29 46 30 25 2 39 33 8 13 16 15 40 32 21 42 19 47 49 23 41 38 48 43 28 10 50 34 5 7 14
23 20 19 43 1 4 11 38 12 29 45 16 26 41 49 32 39 27 25 22 46 6 40 5 7 10 35 37 31 36 48 30 44 28 3 47 13 8 42 17 2 21 15 18 9 14 34 24 50 33
31 10 27 7 5 45 32 18 17 33 44 28 22 8 26 23 24 13 11 39 9 40 3 47 46 2 6 20 25 15 41 29 12 36 49 21 4 48 37 30 34 16 1 43 50 14 38 35 19 42
45 5 2 30 49 27 12 6 33 21 20 31 10 46 17 28 4 1 15 3 11 19 18 42 44 43 16 23 32 37 35 8 36 24 9 38 47 29 34 22 41 25 7 40 14 39 26 13 50 48
28 6 27 34 37 40 7 23 41 18 20 24 8 19 11 5 31 43 21 47 2 32 15 4 36 39 25 48 46 35 29 3 50 30 10 12 17 26 14 1 22 49 44 33 45 16 42 38 13 9
22 5 13 19 10 14 20 6 7 1 4 8 2 12 18 21 3 17 16 9 15 11
34 33 37 36 40 39 38 6 11 19 14 22 27 35 30 43 42 41 45 44 48 47 46 3 2 1 5 4 8 7 9 13 12 16 15 10 17 21 20 24 23 18 25 29 28 32 31 26
38 33 25 34 39 30 8 27 19 22 20 6 15 17 18 4 13 10 23 45 32 36 44 48 41 46 26 47 11 9 1 35 7 28 14 21 29 2 24 43 40 12 5 42 49 16 31 50 37 3
1 2 4 3
10 4 2 9 1 7 6 3 5 8
31 30 29 23 20 19 13 10 9 3 2 1 6 7 8 4 5 11 16 12 15 14 18 17 21 22 26 27 28 24 25 32 36 37 38 34 33 39 40 41 42 43 49 50 45 44 48 47 46 35
5 4 7 13 16 14 6 1 2 9 11 10 8 3 12 15
5 44 21 27 14 15 13 34 28 1 9 17 23 8 7 37 46 24 3 43 12 6 18 29 22 25 20 36 30 45 4 48 38 31 16 10 39 11 42 33 2 32 50 49 19 47 41 35 26 40
12 7 46 18 9 10 32 21 13 3 31 1 45 17 4 36 33 50 42 15 49 37 27 16 38 39 19 26 34 2 5 25 8 43 23 35 44 6 30 20 11 47 40 41 24 28 22 48 14 29
3 1 2 26 27 28 4 5 6 30 29 31 7 8 9 32 33 34 10 11 12 36 35 37 13 14 15 38 39 40 16 17 18 42 41 43 19 20 21 44 45 46 22 23 24 48 47 49 25 50
41 43 2 7 31 21 48 27 5 9 34 15 23 40 13 6 4 26 8 24 17 18 47 20 1 30 12 42 16 35 36 39 32 38 46 50 22 3 19 28 10 49 37 25 14 45 29 11 44 33
3 1 2 4
33 14 47 21 23 46 35 36 11 12 17 45 28 49 5 34 39 7 41 29 19 3 50 20 32 13 30 8 2 18 42 9 1 26 43 4 31 40 25 38 15 10 6 48 44 16 37 22 24 27
45 44 43 42 41 40 39 38 37 21 20 19 18 17 16 15 14 13 12 11 10 9 8 7 6 5 4 3 2 1 32 31 30 29 28 27 36 35 34 33 26 25 24 23 22 48 49 50 46 47
29 33 8 37 40 10 2 39 25 17 15 4 3 11 32 35 5 28 12 7 38 36 30 27 14 23 22 9 31 18 26 34 1 24 20 21 19 13 6 16
1 3 5 2 4 6 7 9 11 8 10 12 13 15 17 14 16 18 19 21 23 20 22 24 25 27 29 26 28 30 31 33 35 32 34 36 37 39 41 38 40 42 43 45 47 44 46 48 49 50
5 43 21 4 6 12 14 41 22 29 7 32 24 47 1 38 35 25 26 27 16 28 45 18 15 9 11 40 3 34 46 39 33 50 13 44 23 30 49 42 17 36 8 31 37 20 2 19 10 48
44 28 5 27 7 9 46 12 17 14 26 39 11 31 20 23 1 30 29 40 15 21 8 32 43 35 3 36 13 47 45 48 22 24 38 42 41 25 33 50 49 2 19 18 34 16 6 4 37 10
29 12 3 4 2 16 5 20 7 6 27 9 14 19 26 43 1 8 11 13 25 24 28 18 32 10 15 22 17 31 34 46 23 30 21 33 50 35 49 36 42 37 39 41 38 45 47 44 40 48
4 5 2 7 10 3 8 6 1 9
9 1 2 50 3 4 5 6 7 8 12 11 10 18 26 27 28 24 23 22 14 13 17 15 16 20 19 21 25 30 29 33 31 32 36 35 34 41 37 38 39 40 44 43 42 49 45 46 47 48
20 4 18 22 14 47 17 28 38 23 9 33 11 49 2 26 1 44 48 35 43 13 7 40 3 21 15 30 25 37 16 24 19 42 41 8 10 29 46 36 31 12 32 45 27 39 5 50 34 6
18 17 21 20 24 23 22 6 11 19 14 27 35 30 38 43 42 41 45 44 48 1 5 4 8 7 2 3 46 47 9 13 12 16 15 10 25 29 28 32 31 26 33 37 36 40 39 34
14 8 13 1 3 4 9 2 17 16 7 5 6 18 15 12 11 10
3 9 24 18 13 1 28 11 5 21 2 25 27 8 14 16 19 4 17 20 7 10 26 23 15 22 12 6
11 21 3 22 25 19 13 18 7 6 24 2 23 29 12 5 26 4 36 37 8 35 40 14 20 9 17 16 10 31 28 38 33 34 27 15 1 32 39 30
28 6 38 15 18 9 35 32 21 31 23 37 49 16 14 20 8 39 47 3 26 42 44 4 5 41 50 7 30 43 17 33 48 40 1 34 29 46 11 12 24 10 36 19 27 22 13 45 2 25
10 3 46 38 14 33 34 35 39 31 18 6 2 20 28 23 41 40 29 16 12 22 19 42 26 27 17 30 5 36 47 13 4 44 9 49 7 43 32 11 21 1 45 25 48 37 8 15 24 50
12 39 20 10 28 6 26 38 11 48 40 22 45 18 9 3 13 15 7 21 1 25 42 32 8 44 27 31 43 5 29 16 36 14 34 23 49 17 19 33 24 41 46 35 30 47 2 50 37 4
2 1 3 4 5 6 7 8 9 10 11 12 13 14 15 16 17 18 19 20 21 22 23 24 25 26 27 28 29 30 31 32 33 34 35 36 37 38 39 40 41 42 43 44 45 46 47 48 49 50
14 12 16 44 45 26 9 13 21 39 31 32 10 7 8 37 34 35 18 25 15 28 48 50 1 2 6 49 27 41 23 17 3 29 47 33 19 4 22 30 43 36 24 5 20 40 42 38 11 46
29 9 24 49 1 30 50 19 15 2 28 37 3 35 13 10 14 26 20 27 16 17 45 34 32 8 42 47 36 21 5 31 39 6 40 4 7 41 48 18 38 44 33 25 22 23 46 12 43 11
3 40 2 12 11 14 6 28 13 36 38 50 15 26 42 46 45 43 48 4 44 33 39 1 22 30 10 7 34 20 24 21 32 18 8 5 16 29 25 47 47 47 47 47 47 47 47 47 47 47
34 10 22 13 50 19 25 41 31 35 18 5 15 27 42 3 16 1 28 33 32 4 45 37 40 11 47 38 39 8 9 6 44 17 29 14 2 20 48 23 26 46 12 24 49 36 43 21 30 7
13 19 37 28 36 5 9 24 21 3 26 12 42 10 49 50 48 4 1 6 31 2 8 16 30 40 46 23 45 22 44 41 25 32 17 34 29 35 20 14 39 38 33 43 7 11 47 18 27 15
30 1 2 3 4 5 6 7 8 9 10 11 12 13 14 15 16 17 18 19 20 21 22 23 24 25 26 27 28 29
35 30 29 23 20 19 13 10 9 3 2 6 7 8 4 5 50 1 49 43 40 39 33 32 31 36 37 38 34 11 12 16 17 18 14 15 21 26 22 25 24 28 27 41 42 46 47 48 44 45
28 5 31 1 14 27 11 22 37 8 43 40 4 9 12 26 13 20 42 3 38 17 21 6 19 16 30 47 36 18 10 25 33 44 50 29 15 32 2 41 45 34 24 23 48 7 49 35 46 39
2 5 6 1 3 4
30 2 1 3 4 5 6 7 8 9 10 11 12 13 14 15 16 17 18 19 20 21 22 23 24 25 26 27 28 29
12 14 34 36 18 50 5 10 9 27 38 6 2 22 32 7 20 46 28 26 15 37 4 16 40 17 31 42 39 45 23 8 30 29 44 1 11 24 33 13 43 3 35 49 25 47 19 48 41 21
10 20 36 49 23 8 17 33 18 24 13 6 22 42 43 29 40 31 21 39 37 7 4 26 11 5 28 50 25 47 48 16 35 15 27 30 9 45 32 3 38 46 2 19 14 12 41 1 34 44
24 21 14 20 19 6 29 5 9 8 27 22 7 25 13 11 15 2 3 1 12 30 28 23 31 10 26 4 32 17 16 18
28 10 23 3 33 24 7 2 21 20 22 43 17 5 32 26 8 12 35 4 11 41 27 19 1 38 6 18 46 29 16 36 9 14 47 49 39 30 44 48 37 13 25 50 34 15 45 40 42 31
3 2 1 5 6 8 4 7
16 46 42 34 30 28 38 7 6 3 21 24 22 17 41 13 5 26 11 15 23 37 35 25 31 1 20 40 4 33 27 45 43 29 12 9 19 36 48 50 8 47 2 10 14 39 32 49 18 44
3 39 1 47 36 24 32 7 5 44 35 2 29 16 14 20 30 49 43 8 46 19 4 26 12 31 18 9 45 21 33 10 37 38 50 17 40 34 41 15 25 42 22 23 6 27 11 13 48 28
14 26 2 48 5 35 18 6 45 9 49 31 21 40 38 7 11 33 3 17 28 12 42 19 8 41 20 4 10 27 24 43 15 47 37 23 1 13 32 16 46 36 22 39 25 50 34 44 30 29
5 1 23 4 30 14 11 2 46 20 31 37 32 33 13 21 50 9 45 8 40 10 28 26 19 42 48 12 24 36 15 29 43 25 3 6 39 34 44 41 17 7 18 27 38 35 16 22 49 47
10 9 8 7 6 15 14 13 1 2 3 16 11 12 4 5
